[2020-02-23 21:41:00.102] [exthost] [info] extension host started
[2020-02-23 21:41:00.520] [exthost] [info] extension host started
[2020-02-23 21:41:00.536] [exthost] [info] ExtensionService#_doActivateExtension HookyQR.beautify {"startup":true,"activationEvent":"*"}
[2020-02-23 21:41:00.536] [exthost] [info] ExtensionService#loadCommonJSModule C:\Users\Administrator\.p2\pool\plugins\pack.core.win_3.6.0.201910290238\HookyQR.beautify-1.4.11\extension
[2020-02-23 21:41:00.857] [exthost] [info] ExtensionService#_doActivateExtension christian-kohler.path-intellisense {"startup":true,"activationEvent":"*"}
[2020-02-23 21:41:00.857] [exthost] [info] ExtensionService#loadCommonJSModule C:\Users\Administrator\.p2\pool\plugins\pack.core.win_3.6.0.201910290238\christian-kohler.path-intellisense-1.4.2\out\src\extension
[2020-02-23 21:41:00.933] [exthost] [info] ExtensionService#_doActivateExtension dbaeumer.vscode-eslint {"startup":true,"activationEvent":"*"}
[2020-02-23 21:41:00.933] [exthost] [info] ExtensionService#loadCommonJSModule C:\Users\Administrator\.p2\pool\plugins\pack.core.win_3.6.0.201910290238\dbaeumer.vscode-eslint-1.9.0\client\out\extension
[2020-02-23 21:41:01.009] [exthost] [info] ExtensionService#_doActivateExtension vscode.debug-auto-launch {"startup":true,"activationEvent":"*"}
[2020-02-23 21:41:01.009] [exthost] [info] ExtensionService#loadCommonJSModule c:\Users\Administrator\.p2\pool\plugins\com.genuitec.eclipse.code.engine.app.win32.x86_64_3.6.0.201910290238\engine\resources\app\extensions\debug-auto-launch\dist\extension
[2020-02-23 21:41:01.032] [exthost] [info] ExtensionService#_doActivateExtension vscode.emmet {"startup":true,"activationEvent":"*"}
[2020-02-23 21:41:01.032] [exthost] [info] ExtensionService#loadCommonJSModule c:\Users\Administrator\.p2\pool\plugins\com.genuitec.eclipse.code.engine.app.win32.x86_64_3.6.0.201910290238\engine\resources\app\extensions\emmet\dist\extension
[2020-02-23 21:41:01.076] [exthost] [info] ExtensionService#_doActivateExtension formulahendry.auto-close-tag {"startup":true,"activationEvent":"*"}
[2020-02-23 21:41:01.076] [exthost] [info] ExtensionService#loadCommonJSModule C:\Users\Administrator\.p2\pool\plugins\pack.core.win_3.6.0.201910290238\formulahendry.auto-close-tag-0.5.6\out\src\extension
[2020-02-23 21:41:01.085] [exthost] [info] ExtensionService#_doActivateExtension vscode.grunt {"startup":false,"activationEvent":"onCommand:workbench.action.tasks.runTask"}
[2020-02-23 21:41:01.085] [exthost] [info] ExtensionService#loadCommonJSModule c:\Users\Administrator\.p2\pool\plugins\com.genuitec.eclipse.code.engine.app.win32.x86_64_3.6.0.201910290238\engine\resources\app\extensions\grunt\dist\main
[2020-02-23 21:41:01.107] [exthost] [info] ExtensionService#_doActivateExtension vscode.gulp {"startup":false,"activationEvent":"onCommand:workbench.action.tasks.runTask"}
[2020-02-23 21:41:01.107] [exthost] [info] ExtensionService#loadCommonJSModule c:\Users\Administrator\.p2\pool\plugins\com.genuitec.eclipse.code.engine.app.win32.x86_64_3.6.0.201910290238\engine\resources\app\extensions\gulp\dist\main
[2020-02-23 21:41:01.131] [exthost] [info] ExtensionService#_doActivateExtension vscode.jake {"startup":false,"activationEvent":"onCommand:workbench.action.tasks.runTask"}
[2020-02-23 21:41:01.131] [exthost] [info] ExtensionService#loadCommonJSModule c:\Users\Administrator\.p2\pool\plugins\com.genuitec.eclipse.code.engine.app.win32.x86_64_3.6.0.201910290238\engine\resources\app\extensions\jake\dist\main
[2020-02-23 21:41:01.153] [exthost] [info] ExtensionService#_doActivateExtension vscode.npm {"startup":false,"activationEvent":"onCommand:workbench.action.tasks.runTask"}
[2020-02-23 21:41:01.153] [exthost] [info] ExtensionService#loadCommonJSModule c:\Users\Administrator\.p2\pool\plugins\com.genuitec.eclipse.code.engine.app.win32.x86_64_3.6.0.201910290238\engine\resources\app\extensions\npm\dist\main
[2020-02-23 21:41:01.211] [exthost] [info] ExtensionService#_doActivateExtension vscode.typescript-language-features {"startup":false,"activationEvent":"onCommand:workbench.action.tasks.runTask"}
[2020-02-23 21:41:01.211] [exthost] [info] ExtensionService#loadCommonJSModule c:\Users\Administrator\.p2\pool\plugins\com.genuitec.eclipse.code.engine.app.win32.x86_64_3.6.0.201910290238\engine\resources\app\extensions\typescript-language-features\dist\extension
[2020-02-23 21:41:01.358] [exthost] [info] eager extensions activated
[2020-02-23 21:45:48.475] [exthost] [info] ExtensionService#_doActivateExtension vscode.configuration-editing {"startup":false,"activationEvent":"onLanguage:jsonc"}
[2020-02-23 21:45:48.475] [exthost] [info] ExtensionService#loadCommonJSModule c:\Users\Administrator\.p2\pool\plugins\com.genuitec.eclipse.code.engine.app.win32.x86_64_3.6.0.201910290238\engine\resources\app\extensions\configuration-editing\dist\extension
[2020-02-23 21:45:48.512] [exthost] [info] ExtensionService#_doActivateExtension vscode.json-language-features {"startup":false,"activationEvent":"onLanguage:jsonc"}
[2020-02-23 21:45:48.512] [exthost] [info] ExtensionService#loadCommonJSModule c:\Users\Administrator\.p2\pool\plugins\com.genuitec.eclipse.code.engine.app.win32.x86_64_3.6.0.201910290238\engine\resources\app\extensions\json-language-features\client\dist\jsonMain
[2020-02-23 21:45:50.247] [exthost] [info] extension host started
[2020-02-23 21:45:50.264] [exthost] [info] ExtensionService#_doActivateExtension HookyQR.beautify {"startup":true,"activationEvent":"*"}
[2020-02-23 21:45:50.264] [exthost] [info] ExtensionService#loadCommonJSModule C:\Users\Administrator\.p2\pool\plugins\pack.core.win_3.6.0.201910290238\HookyQR.beautify-1.4.11\extension
[2020-02-23 21:45:50.296] [exthost] [info] ExtensionService#_doActivateExtension christian-kohler.path-intellisense {"startup":true,"activationEvent":"*"}
[2020-02-23 21:45:50.296] [exthost] [info] ExtensionService#loadCommonJSModule C:\Users\Administrator\.p2\pool\plugins\pack.core.win_3.6.0.201910290238\christian-kohler.path-intellisense-1.4.2\out\src\extension
[2020-02-23 21:45:50.304] [exthost] [info] ExtensionService#_doActivateExtension dbaeumer.vscode-eslint {"startup":true,"activationEvent":"*"}
[2020-02-23 21:45:50.304] [exthost] [info] ExtensionService#loadCommonJSModule C:\Users\Administrator\.p2\pool\plugins\pack.core.win_3.6.0.201910290238\dbaeumer.vscode-eslint-1.9.0\client\out\extension
[2020-02-23 21:45:50.313] [exthost] [info] ExtensionService#_doActivateExtension vscode.debug-auto-launch {"startup":true,"activationEvent":"*"}
[2020-02-23 21:45:50.313] [exthost] [info] ExtensionService#loadCommonJSModule c:\Users\Administrator\.p2\pool\plugins\com.genuitec.eclipse.code.engine.app.win32.x86_64_3.6.0.201910290238\engine\resources\app\extensions\debug-auto-launch\dist\extension
[2020-02-23 21:45:50.317] [exthost] [info] ExtensionService#_doActivateExtension vscode.emmet {"startup":true,"activationEvent":"*"}
[2020-02-23 21:45:50.317] [exthost] [info] ExtensionService#loadCommonJSModule c:\Users\Administrator\.p2\pool\plugins\com.genuitec.eclipse.code.engine.app.win32.x86_64_3.6.0.201910290238\engine\resources\app\extensions\emmet\dist\extension
[2020-02-23 21:45:50.319] [exthost] [info] ExtensionService#_doActivateExtension formulahendry.auto-close-tag {"startup":true,"activationEvent":"*"}
[2020-02-23 21:45:50.319] [exthost] [info] ExtensionService#loadCommonJSModule C:\Users\Administrator\.p2\pool\plugins\pack.core.win_3.6.0.201910290238\formulahendry.auto-close-tag-0.5.6\out\src\extension
[2020-02-23 21:45:50.320] [exthost] [info] ExtensionService#_doActivateExtension vscode.grunt {"startup":false,"activationEvent":"onCommand:workbench.action.tasks.runTask"}
[2020-02-23 21:45:50.320] [exthost] [info] ExtensionService#loadCommonJSModule c:\Users\Administrator\.p2\pool\plugins\com.genuitec.eclipse.code.engine.app.win32.x86_64_3.6.0.201910290238\engine\resources\app\extensions\grunt\dist\main
[2020-02-23 21:45:50.322] [exthost] [info] ExtensionService#_doActivateExtension vscode.gulp {"startup":false,"activationEvent":"onCommand:workbench.action.tasks.runTask"}
[2020-02-23 21:45:50.322] [exthost] [info] ExtensionService#loadCommonJSModule c:\Users\Administrator\.p2\pool\plugins\com.genuitec.eclipse.code.engine.app.win32.x86_64_3.6.0.201910290238\engine\resources\app\extensions\gulp\dist\main
[2020-02-23 21:45:50.323] [exthost] [info] ExtensionService#_doActivateExtension vscode.jake {"startup":false,"activationEvent":"onCommand:workbench.action.tasks.runTask"}
[2020-02-23 21:45:50.323] [exthost] [info] ExtensionService#loadCommonJSModule c:\Users\Administrator\.p2\pool\plugins\com.genuitec.eclipse.code.engine.app.win32.x86_64_3.6.0.201910290238\engine\resources\app\extensions\jake\dist\main
[2020-02-23 21:45:50.324] [exthost] [info] ExtensionService#_doActivateExtension vscode.npm {"startup":false,"activationEvent":"onCommand:workbench.action.tasks.runTask"}
[2020-02-23 21:45:50.324] [exthost] [info] ExtensionService#loadCommonJSModule c:\Users\Administrator\.p2\pool\plugins\com.genuitec.eclipse.code.engine.app.win32.x86_64_3.6.0.201910290238\engine\resources\app\extensions\npm\dist\main
[2020-02-23 21:45:50.329] [exthost] [info] ExtensionService#_doActivateExtension vscode.typescript-language-features {"startup":false,"activationEvent":"onCommand:workbench.action.tasks.runTask"}
[2020-02-23 21:45:50.329] [exthost] [info] ExtensionService#loadCommonJSModule c:\Users\Administrator\.p2\pool\plugins\com.genuitec.eclipse.code.engine.app.win32.x86_64_3.6.0.201910290238\engine\resources\app\extensions\typescript-language-features\dist\extension
[2020-02-23 21:45:50.338] [exthost] [info] ExtensionService#_doActivateExtension vscode.configuration-editing {"startup":false,"activationEvent":"onLanguage:jsonc"}
[2020-02-23 21:45:50.338] [exthost] [info] ExtensionService#loadCommonJSModule c:\Users\Administrator\.p2\pool\plugins\com.genuitec.eclipse.code.engine.app.win32.x86_64_3.6.0.201910290238\engine\resources\app\extensions\configuration-editing\dist\extension
[2020-02-23 21:45:50.345] [exthost] [info] ExtensionService#_doActivateExtension vscode.json-language-features {"startup":false,"activationEvent":"onLanguage:jsonc"}
[2020-02-23 21:45:50.345] [exthost] [info] ExtensionService#loadCommonJSModule c:\Users\Administrator\.p2\pool\plugins\com.genuitec.eclipse.code.engine.app.win32.x86_64_3.6.0.201910290238\engine\resources\app\extensions\json-language-features\client\dist\jsonMain
[2020-02-23 21:45:50.408] [exthost] [info] eager extensions activated
